{"timestamp": "2025-10-19T09:13:23.978374", "username": "SYSTEM", "action": "Default users initialized", "details": ""}
{"timestamp": "2025-10-22T18:01:12.207386", "username": "admin", "action": "FAILED_LOGIN_ATTEMPT", "details": "Attempt 1"}
{"timestamp": "2025-10-22T18:01:12.207386", "username": "admin", "action": "LOGIN_FAILED_INVALID_PASSWORD", "details": ""}
{"timestamp": "2025-10-22T18:01:49.014106", "username": "admin", "action": "LOGIN_SUCCESS", "details": ""}
{"timestamp": "2025-10-22T18:11:30.966986", "username": "admin", "action": "LOGIN_SUCCESS", "details": ""}
{"timestamp": "2025-10-22T18:18:37.539367", "username": "admin", "action": "LOGIN_SUCCESS", "details": ""}
{"timestamp": "2025-10-22T18:25:33.742302", "username": "admin", "action": "LOGIN_SUCCESS", "details": ""}
{"timestamp": "2025-10-22T18:28:01.539346", "username": "user", "action": "FAILED_LOGIN_ATTEMPT", "details": "Attempt 1"}
{"timestamp": "2025-10-22T18:28:01.539346", "username": "user", "action": "LOGIN_FAILED_USER_NOT_FOUND", "details": ""}
{"timestamp": "2025-10-22T18:28:10.998398", "username": "user1", "action": "LOGIN_SUCCESS", "details": ""}
{"timestamp": "2025-10-22T18:44:14.783648", "username": "admin", "action": "LOGIN_SUCCESS", "details": ""}
{"timestamp": "2025-10-22T18:46:23.956194", "username": "admin", "action": "LOGIN_SUCCESS", "details": ""}
{"timestamp": "2025-10-22T18:47:23.129653", "username": "user1", "action": "FAILED_LOGIN_ATTEMPT", "details": "Attempt 1"}
{"timestamp": "2025-10-22T18:47:23.129653", "username": "user1", "action": "LOGIN_FAILED_INVALID_PASSWORD", "details": ""}
{"timestamp": "2025-10-22T18:47:31.130458", "username": "user1", "action": "LOGIN_SUCCESS", "details": ""}
{"timestamp": "2025-10-22T19:23:33.504155", "username": "admin", "action": "LOGIN_SUCCESS", "details": ""}
{"timestamp": "2025-10-22T19:25:29.263279", "username": "manager", "action": "LOGIN_SUCCESS", "details": ""}
{"timestamp": "2025-10-22T19:43:39.160115", "username": "user1", "action": "FAILED_LOGIN_ATTEMPT", "details": "Attempt 1"}
{"timestamp": "2025-10-22T19:43:39.166825", "username": "user1", "action": "LOGIN_FAILED_INVALID_PASSWORD", "details": ""}
{"timestamp": "2025-10-22T19:43:50.744912", "username": "user1", "action": "LOGIN_SUCCESS", "details": ""}
{"timestamp": "2025-10-22T19:44:10.814113", "username": "admin", "action": "LOGIN_SUCCESS", "details": ""}
{"timestamp": "2025-10-22T19:45:48.503499", "username": "user1", "action": "LOGIN_SUCCESS", "details": ""}
{"timestamp": "2025-10-23T11:41:30.836446", "username": "admin", "action": "LOGIN_SUCCESS", "details": ""}
{"timestamp": "2025-10-23T11:41:53.796157", "username": "user1", "action": "LOGIN_SUCCESS", "details": ""}
{"timestamp": "2025-10-23T11:57:14.682035", "username": "admin", "action": "LOGIN_SUCCESS", "details": ""}
{"timestamp": "2025-10-23T11:59:36.475996", "username": "user1", "action": "LOGIN_SUCCESS", "details": ""}
{"timestamp": "2025-10-23T12:01:23.556068", "username": "admin", "action": "LOGIN_SUCCESS", "details": ""}
{"timestamp": "2025-10-23T12:01:48.401801", "username": "user1", "action": "LOGIN_SUCCESS", "details": ""}
{"timestamp": "2025-10-23T12:02:04.929647", "username": "admin", "action": "LOGIN_SUCCESS", "details": ""}
{"timestamp": "2025-10-23T12:03:18.776278", "username": "user1", "action": "LOGIN_SUCCESS", "details": ""}
{"timestamp": "2025-10-23T12:16:38.442428", "username": "user1", "action": "LOGIN_SUCCESS", "details": ""}
{"timestamp": "2025-10-23T12:17:01.158737", "username": "admin", "action": "LOGIN_SUCCESS", "details": ""}
{"timestamp": "2025-10-23T12:18:08.259392", "username": "user1", "action": "LOGIN_SUCCESS", "details": ""}
{"timestamp": "2025-10-24T13:23:18.128698", "username": "admin", "action": "LOGIN_SUCCESS", "details": ""}
{"timestamp": "2025-10-24T13:24:04.294748", "username": "user1", "action": "LOGIN_SUCCESS", "details": ""}
{"timestamp": "2025-10-24T13:36:00.279455", "username": "admin", "action": "LOGIN_SUCCESS", "details": ""}
{"timestamp": "2025-10-24T13:45:12.569022", "username": "user1", "action": "LOGIN_SUCCESS", "details": ""}
{"timestamp": "2025-10-24T13:45:32.091269", "username": "admin", "action": "LOGIN_SUCCESS", "details": ""}
{"timestamp": "2025-10-24T13:46:30.966449", "username": "user1", "action": "LOGIN_SUCCESS", "details": ""}
{"timestamp": "2025-10-24T13:56:02.687613", "username": "admin", "action": "LOGIN_SUCCESS", "details": ""}
{"timestamp": "2025-10-24T13:56:43.204806", "username": "user1", "action": "LOGIN_SUCCESS", "details": ""}
{"timestamp": "2025-10-24T14:50:22.962821", "username": "admin", "action": "LOGIN_SUCCESS", "details": ""}
{"timestamp": "2025-10-24T14:52:21.582955", "username": "user1", "action": "LOGIN_SUCCESS", "details": ""}
{"timestamp": "2025-10-24T15:12:32.859487", "username": "admin", "action": "LOGIN_SUCCESS", "details": ""}
{"timestamp": "2025-10-24T15:14:02.132214", "username": "user1", "action": "LOGIN_SUCCESS", "details": ""}
{"timestamp": "2025-10-24T15:24:09.721854", "username": "user1", "action": "FAILED_LOGIN_ATTEMPT", "details": "Attempt 1"}
{"timestamp": "2025-10-24T15:24:09.721854", "username": "user1", "action": "LOGIN_FAILED_INVALID_PASSWORD", "details": ""}
{"timestamp": "2025-10-24T15:24:19.767358", "username": "user1", "action": "LOGIN_SUCCESS", "details": ""}
{"timestamp": "2025-10-24T15:28:22.430064", "username": "user1", "action": "LOGIN_SUCCESS", "details": ""}
{"timestamp": "2025-10-24T18:17:16.094873", "username": "user1", "action": "LOGIN_SUCCESS", "details": ""}
{"timestamp": "2025-10-24T18:22:59.196197", "username": "user1", "action": "LOGIN_SUCCESS", "details": ""}
{"timestamp": "2025-10-24T18:29:37.909423", "username": "user1", "action": "LOGIN_SUCCESS", "details": ""}
{"timestamp": "2025-10-24T18:37:18.091865", "username": "user1", "action": "LOGIN_SUCCESS", "details": ""}
{"timestamp": "2025-10-24T18:49:18.427079", "username": "user1", "action": "LOGIN_SUCCESS", "details": ""}
{"timestamp": "2025-10-24T18:56:24.727109", "username": "user1", "action": "LOGIN_SUCCESS", "details": ""}
{"timestamp": "2025-10-24T19:05:25.870963", "username": "user1", "action": "LOGIN_SUCCESS", "details": ""}
{"timestamp": "2025-10-25T13:42:01.900442", "username": "user1", "action": "LOGIN_SUCCESS", "details": ""}
{"timestamp": "2025-10-25T14:01:07.507766", "username": "user1", "action": "LOGIN_SUCCESS", "details": ""}
{"timestamp": "2025-10-25T14:05:31.646838", "username": "user1", "action": "LOGIN_SUCCESS", "details": ""}
{"timestamp": "2025-10-27T18:10:08.029104", "username": "admin", "action": "LOGIN_SUCCESS", "details": ""}
{"timestamp": "2025-10-27T18:10:34.266814", "username": "user1", "action": "LOGIN_SUCCESS", "details": ""}
{"timestamp": "2025-10-27T18:39:50.848196", "username": "user1", "action": "LOGIN_SUCCESS", "details": ""}
{"timestamp": "2025-10-27T19:02:47.171384", "username": "user1", "action": "LOGIN_SUCCESS", "details": ""}
{"timestamp": "2025-11-08T18:47:00.636987", "username": "user1", "action": "FAILED_LOGIN_ATTEMPT", "details": "Attempt 1"}
{"timestamp": "2025-11-08T18:47:00.636987", "username": "user1", "action": "LOGIN_FAILED_INVALID_PASSWORD", "details": ""}
{"timestamp": "2025-11-08T18:47:06.159014", "username": "user1", "action": "LOGIN_SUCCESS", "details": ""}
{"timestamp": "2025-11-08T18:53:54.225289", "username": "admin", "action": "LOGIN_SUCCESS", "details": ""}
{"timestamp": "2025-11-08T19:08:32.756946", "username": "admin", "action": "LOGIN_SUCCESS", "details": ""}
{"timestamp": "2025-11-08T19:09:54.774644", "username": "user1", "action": "LOGIN_SUCCESS", "details": ""}
{"timestamp": "2025-11-08T20:13:57.414539", "username": "admin", "action": "LOGIN_SUCCESS", "details": ""}
{"timestamp": "2025-11-08T20:15:09.181034", "username": "user1", "action": "LOGIN_SUCCESS", "details": ""}
{"timestamp": "2025-11-08T20:27:57.160159", "username": "user1", "action": "LOGIN_SUCCESS", "details": ""}
{"timestamp": "2025-11-08T20:39:53.844221", "username": "user1", "action": "LOGIN_SUCCESS", "details": ""}
{"timestamp": "2025-11-08T20:49:33.703833", "username": "user1", "action": "LOGIN_SUCCESS", "details": ""}
{"timestamp": "2025-11-08T21:05:57.738494", "username": "user1", "action": "LOGIN_SUCCESS", "details": ""}
{"timestamp": "2025-11-08T21:13:58.630595", "username": "user1", "action": "LOGIN_SUCCESS", "details": ""}
{"timestamp": "2025-11-09T15:37:29.371335", "username": "admin", "action": "LOGIN_SUCCESS", "details": ""}
{"timestamp": "2025-11-09T15:38:12.399845", "username": "user1", "action": "LOGIN_SUCCESS", "details": ""}
{"timestamp": "2025-11-09T15:49:29.342225", "username": "user1", "action": "LOGIN_SUCCESS", "details": ""}
{"timestamp": "2025-11-09T15:50:36.125973", "username": "user1", "action": "LOGIN_SUCCESS", "details": ""}
{"timestamp": "2025-11-09T15:56:04.554644", "username": "user1", "action": "LOGIN_SUCCESS", "details": ""}
{"timestamp": "2025-11-09T16:10:02.093813", "username": "user1", "action": "LOGIN_SUCCESS", "details": ""}
{"timestamp": "2025-11-09T16:31:25.930671", "username": "user1", "action": "LOGIN_SUCCESS", "details": ""}
{"timestamp": "2025-11-09T16:34:04.580342", "username": "user1", "action": "LOGIN_SUCCESS", "details": ""}
{"timestamp": "2025-11-09T16:40:37.457072", "username": "user1", "action": "LOGIN_SUCCESS", "details": ""}
{"timestamp": "2025-11-09T16:44:19.600352", "username": "user1", "action": "LOGIN_SUCCESS", "details": ""}
{"timestamp": "2025-11-09T16:49:21.984237", "username": "user1", "action": "LOGIN_SUCCESS", "details": ""}
{"timestamp": "2025-11-09T17:02:51.605135", "username": "user1", "action": "LOGIN_SUCCESS", "details": ""}
{"timestamp": "2025-11-09T17:13:01.517822", "username": "user1", "action": "LOGIN_SUCCESS", "details": ""}
{"timestamp": "2025-11-09T17:36:44.991065", "username": "user1", "action": "LOGIN_SUCCESS", "details": ""}
{"timestamp": "2025-11-09T17:44:16.164910", "username": "user1", "action": "LOGIN_SUCCESS", "details": ""}
{"timestamp": "2025-11-09T17:51:59.717882", "username": "user1", "action": "LOGIN_SUCCESS", "details": ""}
{"timestamp": "2025-11-09T17:56:31.394719", "username": "user2", "action": "FAILED_LOGIN_ATTEMPT", "details": "Attempt 1"}
{"timestamp": "2025-11-09T17:56:31.396727", "username": "user2", "action": "LOGIN_FAILED_USER_NOT_FOUND", "details": ""}
{"timestamp": "2025-11-09T17:56:48.174494", "username": "user1", "action": "LOGIN_SUCCESS", "details": ""}
{"timestamp": "2025-11-09T18:02:19.193236", "username": "user1", "action": "LOGIN_SUCCESS", "details": ""}
{"timestamp": "2025-11-09T18:04:35.890209", "username": "user1", "action": "LOGIN_SUCCESS", "details": ""}
{"timestamp": "2025-11-09T18:18:48.258421", "username": "user1", "action": "LOGIN_SUCCESS", "details": ""}
{"timestamp": "2025-11-09T18:43:06.927697", "username": "user1", "action": "LOGIN_SUCCESS", "details": ""}
{"timestamp": "2025-11-09T18:49:47.242154", "username": "user1", "action": "LOGIN_SUCCESS", "details": ""}
{"timestamp": "2025-11-09T18:56:46.118848", "username": "user1", "action": "LOGIN_SUCCESS", "details": ""}
{"timestamp": "2025-11-09T19:06:46.552093", "username": "user1", "action": "LOGIN_SUCCESS", "details": ""}
{"timestamp": "2025-11-09T19:11:53.884106", "username": "user1", "action": "LOGIN_SUCCESS", "details": ""}
{"timestamp": "2025-11-09T19:48:59.977652", "username": "user1", "action": "LOGIN_SUCCESS", "details": ""}
{"timestamp": "2025-11-09T19:56:02.531398", "username": "user1", "action": "LOGIN_SUCCESS", "details": ""}
{"timestamp": "2025-11-09T20:14:34.625655", "username": "user1", "action": "LOGIN_SUCCESS", "details": ""}
{"timestamp": "2025-11-09T20:22:50.268251", "username": "user1", "action": "LOGIN_SUCCESS", "details": ""}
{"timestamp": "2025-11-09T20:26:24.214208", "username": "user1", "action": "LOGIN_SUCCESS", "details": ""}
{"timestamp": "2025-11-09T20:28:55.515469", "username": "user1", "action": "LOGIN_SUCCESS", "details": ""}
{"timestamp": "2025-11-09T21:52:55.434073", "username": "user1", "action": "LOGIN_SUCCESS", "details": ""}
{"timestamp": "2025-11-10T12:36:28.331074", "username": "user1", "action": "LOGIN_SUCCESS", "details": ""}
{"timestamp": "2025-11-10T12:39:38.607312", "username": "admin", "action": "LOGIN_SUCCESS", "details": ""}
{"timestamp": "2025-11-10T12:40:57.391915", "username": "user1", "action": "LOGIN_SUCCESS", "details": ""}
{"timestamp": "2025-11-10T12:52:54.587486", "username": "user1", "action": "LOGIN_SUCCESS", "details": ""}
{"timestamp": "2025-11-10T13:01:47.425516", "username": "user1", "action": "LOGIN_SUCCESS", "details": ""}
{"timestamp": "2025-11-10T13:05:27.144683", "username": "user1", "action": "LOGIN_SUCCESS", "details": ""}
{"timestamp": "2025-11-10T13:19:03.237955", "username": "user1", "action": "LOGIN_SUCCESS", "details": ""}
{"timestamp": "2025-11-10T13:24:26.573947", "username": "admin", "action": "LOGIN_SUCCESS", "details": ""}
{"timestamp": "2025-11-10T13:29:04.760121", "username": "user1", "action": "LOGIN_SUCCESS", "details": ""}
{"timestamp": "2025-11-10T13:36:20.679922", "username": "user1", "action": "LOGIN_SUCCESS", "details": ""}
{"timestamp": "2025-11-10T16:12:35.344142", "username": "user1", "action": "LOGIN_SUCCESS", "details": ""}
{"timestamp": "2025-11-10T17:40:28.163798", "username": "admin", "action": "LOGIN_SUCCESS", "details": ""}
{"timestamp": "2025-11-10T17:43:05.301625", "username": "admin", "action": "LOGIN_SUCCESS", "details": ""}
{"timestamp": "2025-11-10T17:45:12.595653", "username": "admin", "action": "LOGIN_SUCCESS", "details": ""}
{"timestamp": "2025-11-10T17:45:40.340971", "username": "admin", "action": "LOGIN_SUCCESS", "details": ""}
{"timestamp": "2025-11-10T17:46:57.389557", "username": "user1", "action": "LOGIN_SUCCESS", "details": ""}
{"timestamp": "2025-11-10T18:17:08.778975", "username": "user1", "action": "LOGIN_SUCCESS", "details": ""}
{"timestamp": "2025-11-10T18:21:11.997983", "username": "user1", "action": "LOGIN_SUCCESS", "details": ""}
{"timestamp": "2025-11-10T18:22:44.476955", "username": "user1", "action": "LOGIN_SUCCESS", "details": ""}
{"timestamp": "2025-11-10T18:23:33.894645", "username": "user1", "action": "LOGIN_SUCCESS", "details": ""}
{"timestamp": "2025-11-10T18:43:21.572120", "username": "admin", "action": "LOGIN_SUCCESS", "details": ""}
{"timestamp": "2025-11-10T18:52:41.565651", "username": "user1", "action": "LOGIN_SUCCESS", "details": ""}
{"timestamp": "2025-11-10T19:05:27.296729", "username": "admin", "action": "LOGIN_SUCCESS", "details": ""}
{"timestamp": "2025-11-10T19:06:08.330658", "username": "user1", "action": "LOGIN_SUCCESS", "details": ""}
{"timestamp": "2025-11-10T19:15:30.996554", "username": "admin", "action": "LOGIN_SUCCESS", "details": ""}
{"timestamp": "2025-11-10T19:15:53.299381", "username": "user1", "action": "LOGIN_SUCCESS", "details": ""}
{"timestamp": "2025-12-14T18:48:27.383512", "username": "user1", "action": "FAILED_LOGIN_ATTEMPT", "details": "Attempt 1"}
{"timestamp": "2025-12-14T18:48:27.385507", "username": "user1", "action": "LOGIN_FAILED_INVALID_PASSWORD", "details": ""}
{"timestamp": "2025-12-14T18:48:35.267709", "username": "User1", "action": "FAILED_LOGIN_ATTEMPT", "details": "Attempt 1"}
{"timestamp": "2025-12-14T18:48:35.269287", "username": "User1", "action": "LOGIN_FAILED_USER_NOT_FOUND", "details": ""}
{"timestamp": "2025-12-14T18:48:38.139674", "username": "User1", "action": "FAILED_LOGIN_ATTEMPT", "details": "Attempt 2"}
{"timestamp": "2025-12-14T18:48:38.141692", "username": "User1", "action": "LOGIN_FAILED_USER_NOT_FOUND", "details": ""}
{"timestamp": "2025-12-14T18:49:39.188840", "username": "User1", "action": "FAILED_LOGIN_ATTEMPT", "details": "Attempt 3"}
{"timestamp": "2025-12-14T18:49:39.189853", "username": "User1", "action": "LOGIN_FAILED_USER_NOT_FOUND", "details": ""}
{"timestamp": "2025-12-14T18:49:41.993212", "username": "User1", "action": "FAILED_LOGIN_ATTEMPT", "details": "Attempt 4"}
{"timestamp": "2025-12-14T18:49:41.994331", "username": "User1", "action": "LOGIN_FAILED_USER_NOT_FOUND", "details": ""}
{"timestamp": "2025-12-14T18:49:58.662667", "username": "User1", "action": "FAILED_LOGIN_ATTEMPT", "details": "Attempt 5"}
{"timestamp": "2025-12-14T18:49:58.664670", "username": "User1", "action": "LOGIN_FAILED_USER_NOT_FOUND", "details": ""}
{"timestamp": "2025-12-14T18:50:12.009903", "username": "user", "action": "FAILED_LOGIN_ATTEMPT", "details": "Attempt 2"}
{"timestamp": "2025-12-14T18:50:12.011915", "username": "user", "action": "LOGIN_FAILED_USER_NOT_FOUND", "details": ""}
{"timestamp": "2025-12-14T18:50:15.043509", "username": "user1", "action": "LOGIN_SUCCESS", "details": ""}
{"timestamp": "2025-12-16T17:56:18.317810", "username": "user", "action": "FAILED_LOGIN_ATTEMPT", "details": "Attempt 3"}
{"timestamp": "2025-12-16T17:56:18.319211", "username": "user", "action": "LOGIN_FAILED_USER_NOT_FOUND", "details": ""}
{"timestamp": "2025-12-16T17:56:24.766837", "username": "user1", "action": "LOGIN_SUCCESS", "details": ""}
{"timestamp": "2025-12-16T18:58:48.083534", "username": "admin", "action": "LOGIN_SUCCESS", "details": ""}
{"timestamp": "2025-12-25T12:28:13.072946", "username": "user", "action": "FAILED_LOGIN_ATTEMPT", "details": "Attempt 4"}
{"timestamp": "2025-12-25T12:28:13.073966", "username": "user", "action": "LOGIN_FAILED_USER_NOT_FOUND", "details": ""}
{"timestamp": "2025-12-25T12:28:20.727980", "username": "user", "action": "FAILED_LOGIN_ATTEMPT", "details": "Attempt 5"}
{"timestamp": "2025-12-25T12:28:20.727980", "username": "user", "action": "LOGIN_FAILED_USER_NOT_FOUND", "details": ""}
{"timestamp": "2025-12-25T12:28:27.811941", "username": "user1", "action": "FAILED_LOGIN_ATTEMPT", "details": "Attempt 1"}
{"timestamp": "2025-12-25T12:28:27.812941", "username": "user1", "action": "LOGIN_FAILED_INVALID_PASSWORD", "details": ""}
{"timestamp": "2025-12-25T12:28:30.901029", "username": "user1", "action": "LOGIN_SUCCESS", "details": ""}
{"timestamp": "2025-12-25T12:34:29.013149", "username": "user1", "action": "LOGIN_SUCCESS", "details": ""}
{"timestamp": "2025-12-25T12:46:20.346500", "username": "user1", "action": "LOGIN_SUCCESS", "details": ""}
{"timestamp": "2025-12-25T12:53:37.285935", "username": "admin", "action": "LOGIN_SUCCESS", "details": ""}
{"timestamp": "2025-12-25T12:54:05.746800", "username": "user1", "action": "LOGIN_SUCCESS", "details": ""}
{"timestamp": "2025-12-25T12:59:50.164225", "username": "user1", "action": "LOGIN_SUCCESS", "details": ""}
{"timestamp": "2025-12-25T13:09:53.058171", "username": "user1", "action": "LOGIN_SUCCESS", "details": ""}
{"timestamp": "2025-12-25T13:16:50.339109", "username": "user1", "action": "LOGIN_SUCCESS", "details": ""}
{"timestamp": "2025-12-28T09:44:58.110651", "username": "user1", "action": "LOGIN_SUCCESS", "details": ""}
{"timestamp": "2025-12-28T18:53:46.116298", "username": "User1", "action": "FAILED_LOGIN_ATTEMPT", "details": "Attempt 6"}
{"timestamp": "2025-12-28T18:53:46.117298", "username": "User1", "action": "LOGIN_FAILED_USER_NOT_FOUND", "details": ""}
{"timestamp": "2025-12-28T18:53:50.588955", "username": "user1", "action": "LOGIN_SUCCESS", "details": ""}
{"timestamp": "2025-12-28T19:07:25.639203", "username": "admin", "action": "LOGIN_SUCCESS", "details": ""}
{"timestamp": "2025-12-28T19:11:57.452921", "username": "admin", "action": "LOGIN_SUCCESS", "details": ""}
{"timestamp": "2025-12-28T19:12:33.965408", "username": "user1", "action": "LOGIN_SUCCESS", "details": ""}
{"timestamp": "2025-12-28T21:08:37.161481", "username": "user1", "action": "LOGIN_SUCCESS", "details": ""}
{"timestamp": "2025-12-28T21:26:14.714191", "username": "user1", "action": "LOGIN_SUCCESS", "details": ""}
{"timestamp": "2025-12-28T21:31:10.322831", "username": "user1", "action": "LOGIN_SUCCESS", "details": ""}
{"timestamp": "2025-12-28T21:34:30.490013", "username": "user1", "action": "LOGIN_SUCCESS", "details": ""}
{"timestamp": "2025-12-28T21:38:13.557538", "username": "user1", "action": "LOGIN_SUCCESS", "details": ""}
{"timestamp": "2026-01-06T17:52:14.699362", "username": "user1", "action": "LOGIN_SUCCESS", "details": ""}
{"timestamp": "2026-01-06T17:52:33.647151", "username": "admin", "action": "LOGIN_SUCCESS", "details": ""}
{"timestamp": "2026-01-06T17:58:12.215344", "username": "user1", "action": "LOGIN_SUCCESS", "details": ""}
{"timestamp": "2026-01-06T18:01:38.838233", "username": "admin", "action": "LOGIN_SUCCESS", "details": ""}
{"timestamp": "2026-01-06T18:02:08.020453", "username": "user1", "action": "LOGIN_SUCCESS", "details": ""}
{"timestamp": "2026-01-06T18:05:26.416358", "username": "admin", "action": "LOGIN_SUCCESS", "details": ""}
{"timestamp": "2026-01-06T18:05:50.715907", "username": "user1", "action": "LOGIN_SUCCESS", "details": ""}
{"timestamp": "2026-01-06T18:52:59.810128", "username": "user1", "action": "LOGIN_SUCCESS", "details": ""}
